<?xml version="1.0" encoding="UTF-8"?>
<!-- Generated by org.testng.reporters.JUnitXMLReporter -->
<testsuite hostname="aparna-pc" name="Test" tests="18" failures="1" timestamp="2 Apr 2016 14:31:05 GMT" time="44.086" errors="0">
  <testcase name="launchApp" time="16.98" classname="AppPackage.Main_file"/>
  <testcase name="verifyAccessoriesTab" time="0.067" classname="AppPackage.Main_file"/>
  <testcase name="verifyBasketBtn" time="0.058" classname="AppPackage.Main_file"/>
  <testcase name="verifyBedroomTab" time="0.086" classname="AppPackage.Main_file"/>
  <testcase name="verifyChairsTab" time="0.082" classname="AppPackage.Main_file"/>
  <testcase name="verifyEmailId" time="17.041" classname="AppPackage.Main_file"/>
  <testcase name="verifyJoinBtn" time="0.045" classname="AppPackage.Main_file"/>
  <testcase name="verifyKidsTab" time="0.049" classname="AppPackage.Main_file"/>
  <testcase name="verifyLast_ChanceTab" time="0.028" classname="AppPackage.Main_file">
    <failure type="org.openqa.selenium.NoSuchElementException" message="no such element: Unable to locate element: {&amp;quot;method&amp;quot;:&amp;quot;xpath&amp;quot;,&amp;quot;selector&amp;quot;:&amp;quot;.//*[@id=&amp;apos;nav-last-chance&amp;apos;]/a/span&amp;quot;}
  (Session info: chrome=49.0.2623.75)
  (Driver info: chromedriver=2.20.353124 (035346203162d32c80f1dce587c8154a1efa0c3b),platform=Linux 3.19.0-51-generic x86_64) (WARNING: The server did not provide any stacktrace information)
Command duration or timeout: 26 milliseconds
For documentation on this error, please visit: http://seleniumhq.org/exceptions/no_such_element.html
Build info: version: &amp;apos;2.53.0&amp;apos;, revision: &amp;apos;35ae25b1534ae328c771e0856c93e187490ca824&amp;apos;, time: &amp;apos;2016-03-15 10:43:46&amp;apos;
System info: host: &amp;apos;aparna-pc&amp;apos;, ip: &amp;apos;127.0.1.1&amp;apos;, os.name: &amp;apos;Linux&amp;apos;, os.arch: &amp;apos;amd64&amp;apos;, os.version: &amp;apos;3.19.0-51-generic&amp;apos;, java.version: &amp;apos;1.8.0_74&amp;apos;
Driver info: org.openqa.selenium.chrome.ChromeDriver
Capabilities [{applicationCacheEnabled=false, rotatable=false, mobileEmulationEnabled=false, chrome={userDataDir=/tmp/.com.google.Chrome.xhloko}, takesHeapSnapshot=true, databaseEnabled=false, handlesAlerts=true, hasTouchScreen=false, version=49.0.2623.75, platform=LINUX, browserConnectionEnabled=false, nativeEvents=true, acceptSslCerts=true, locationContextEnabled=true, webStorageEnabled=true, browserName=chrome, takesScreenshot=true, javascriptEnabled=true, cssSelectorsEnabled=true}]
Session ID: ba2b4622be5ca478b69a6108ed8edaa6
*** Element info: {Using=xpath, value=.//*[@id=&amp;apos;nav-last-chance&amp;apos;]/a/span}">
      <![CDATA[org.openqa.selenium.NoSuchElementException: no such element: Unable to locate element: {"method":"xpath","selector":".//*[@id='nav-last-chance']/a/span"}
  (Session info: chrome=49.0.2623.75)
  (Driver info: chromedriver=2.20.353124 (035346203162d32c80f1dce587c8154a1efa0c3b),platform=Linux 3.19.0-51-generic x86_64) (WARNING: The server did not provide any stacktrace information)
Command duration or timeout: 26 milliseconds
For documentation on this error, please visit: http://seleniumhq.org/exceptions/no_such_element.html
Build info: version: '2.53.0', revision: '35ae25b1534ae328c771e0856c93e187490ca824', time: '2016-03-15 10:43:46'
System info: host: 'aparna-pc', ip: '127.0.1.1', os.name: 'Linux', os.arch: 'amd64', os.version: '3.19.0-51-generic', java.version: '1.8.0_74'
Driver info: org.openqa.selenium.chrome.ChromeDriver
Capabilities [{applicationCacheEnabled=false, rotatable=false, mobileEmulationEnabled=false, chrome={userDataDir=/tmp/.com.google.Chrome.xhloko}, takesHeapSnapshot=true, databaseEnabled=false, handlesAlerts=true, hasTouchScreen=false, version=49.0.2623.75, platform=LINUX, browserConnectionEnabled=false, nativeEvents=true, acceptSslCerts=true, locationContextEnabled=true, webStorageEnabled=true, browserName=chrome, takesScreenshot=true, javascriptEnabled=true, cssSelectorsEnabled=true}]
Session ID: ba2b4622be5ca478b69a6108ed8edaa6
*** Element info: {Using=xpath, value=.//*[@id='nav-last-chance']/a/span}
	at org.openqa.selenium.remote.ErrorHandler.createThrowable(ErrorHandler.java:206)
	at org.openqa.selenium.remote.ErrorHandler.throwIfResponseFailed(ErrorHandler.java:158)
	at org.openqa.selenium.remote.RemoteWebDriver.execute(RemoteWebDriver.java:678)
	at org.openqa.selenium.remote.RemoteWebDriver.findElement(RemoteWebDriver.java:363)
	at org.openqa.selenium.remote.RemoteWebDriver.findElementByXPath(RemoteWebDriver.java:500)
	at org.openqa.selenium.By$ByXPath.findElement(By.java:361)
	at org.openqa.selenium.remote.RemoteWebDriver.findElement(RemoteWebDriver.java:355)
	at AppPackage.HomePage.Last_ChanceTab(HomePage.java:92)
	at AppPackage.Main_file.verifyLast_ChanceTab(Main_file.java:110)
... Removed 28 stack frames]]>
    </failure>
  </testcase> <!-- verifyLast_ChanceTab -->
  <testcase name="verifyLightingTab" time="0.048" classname="AppPackage.Main_file"/>
  <testcase name="verifyLoginBtn" time="0.039" classname="AppPackage.Main_file"/>
  <testcase name="verifyLoginFunctionality" time="8.421" classname="AppPackage.Main_file"/>
  <testcase name="verifyMadeLogo" time="0.686" classname="AppPackage.Main_file"/>
  <testcase name="verifyNewTab" time="0.042" classname="AppPackage.Main_file"/>
  <testcase name="verifyOutdoorTab" time="0.041" classname="AppPackage.Main_file"/>
  <testcase name="verifySofasTab" time="0.043" classname="AppPackage.Main_file"/>
  <testcase name="verifyStorageTab" time="0.039" classname="AppPackage.Main_file"/>
  <testcase name="verifyTablesTab" time="0.042" classname="AppPackage.Main_file"/>
</testsuite> <!-- Test -->
