<html>
<head>
<title>TestNG:  Test</title>
<link href="../testng.css" rel="stylesheet" type="text/css" />
<link href="../my-testng.css" rel="stylesheet" type="text/css" />

<style type="text/css">
.log { display: none;} 
.stack-trace { display: none;} 
</style>
<script type="text/javascript">
<!--
function flip(e) {
  current = e.style.display;
  if (current == 'block') {
    e.style.display = 'none';
    return 0;
  }
  else {
    e.style.display = 'block';
    return 1;
  }
}

function toggleBox(szDivId, elem, msg1, msg2)
{
  var res = -1;  if (document.getElementById) {
    res = flip(document.getElementById(szDivId));
  }
  else if (document.all) {
    // this is the way old msie versions work
    res = flip(document.all[szDivId]);
  }
  if(elem) {
    if(res == 0) elem.innerHTML = msg1; else elem.innerHTML = msg2;
  }

}

function toggleAllBoxes() {
  if (document.getElementsByTagName) {
    d = document.getElementsByTagName('div');
    for (i = 0; i < d.length; i++) {
      if (d[i].className == 'log') {
        flip(d[i]);
      }
    }
  }
}

// -->
</script>

</head>
<body>
<h2 align='center'>Test</h2><table border='1' align="center">
<tr>
<td>Tests passed/Failed/Skipped:</td><td>17/1/0</td>
</tr><tr>
<td>Started on:</td><td>Sat Apr 02 20:00:21 IST 2016</td>
</tr>
<tr><td>Total time:</td><td>44 seconds (44086 ms)</td>
</tr><tr>
<td>Included groups:</td><td></td>
</tr><tr>
<td>Excluded groups:</td><td></td>
</tr>
</table><p/>
<small><i>(Hover the method name to see the test class name)</i></small><p/>
<table width='100%' border='1' class='invocation-failed'>
<tr><td colspan='4' align='center'><b>FAILED TESTS</b></td></tr>
<tr><td><b>Test method</b></td>
<td width="30%"><b>Exception</b></td>
<td width="10%"><b>Time (seconds)</b></td>
<td><b>Instance</b></td>
</tr>
<tr>
<td title='AppPackage.Main_file.verifyLast_ChanceTab()'><b>verifyLast_ChanceTab</b><br>Test class: AppPackage.Main_file</td>
<td><div><pre>org.openqa.selenium.NoSuchElementException: no such element: Unable to locate element: {&quot;method&quot;:&quot;xpath&quot;,&quot;selector&quot;:&quot;.//*[@id=&apos;nav-last-chance&apos;]/a/span&quot;}
  (Session info: chrome=49.0.2623.75)
  (Driver info: chromedriver=2.20.353124 (035346203162d32c80f1dce587c8154a1efa0c3b),platform=Linux 3.19.0-51-generic x86_64) (WARNING: The server did not provide any stacktrace information)
Command duration or timeout: 26 milliseconds
For documentation on this error, please visit: http://seleniumhq.org/exceptions/no_such_element.html
Build info: version: &apos;2.53.0&apos;, revision: &apos;35ae25b1534ae328c771e0856c93e187490ca824&apos;, time: &apos;2016-03-15 10:43:46&apos;
System info: host: &apos;aparna-pc&apos;, ip: &apos;127.0.1.1&apos;, os.name: &apos;Linux&apos;, os.arch: &apos;amd64&apos;, os.version: &apos;3.19.0-51-generic&apos;, java.version: &apos;1.8.0_74&apos;
Driver info: org.openqa.selenium.chrome.ChromeDriver
Capabilities [{applicationCacheEnabled=false, rotatable=false, mobileEmulationEnabled=false, chrome={userDataDir=/tmp/.com.google.Chrome.xhloko}, takesHeapSnapshot=true, databaseEnabled=false, handlesAlerts=true, hasTouchScreen=false, version=49.0.2623.75, platform=LINUX, browserConnectionEnabled=false, nativeEvents=true, acceptSslCerts=true, locationContextEnabled=true, webStorageEnabled=true, browserName=chrome, takesScreenshot=true, javascriptEnabled=true, cssSelectorsEnabled=true}]
Session ID: ba2b4622be5ca478b69a6108ed8edaa6
*** Element info: {Using=xpath, value=.//*[@id=&apos;nav-last-chance&apos;]/a/span}
	at org.openqa.selenium.remote.ErrorHandler.createThrowable(ErrorHandler.java:206)
	at org.openqa.selenium.remote.ErrorHandler.throwIfResponseFailed(ErrorHandler.java:158)
	at org.openqa.selenium.remote.RemoteWebDriver.execute(RemoteWebDriver.java:678)
	at org.openqa.selenium.remote.RemoteWebDriver.findElement(RemoteWebDriver.java:363)
	at org.openqa.selenium.remote.RemoteWebDriver.findElementByXPath(RemoteWebDriver.java:500)
	at org.openqa.selenium.By$ByXPath.findElement(By.java:361)
	at org.openqa.selenium.remote.RemoteWebDriver.findElement(RemoteWebDriver.java:355)
	at AppPackage.HomePage.Last_ChanceTab(HomePage.java:92)
	at AppPackage.Main_file.verifyLast_ChanceTab(Main_file.java:110)
... Removed 28 stack frames</pre></div><a href='#' onClick='toggleBox("stack-trace124323713", this, "Click to show all stack frames", "Click to hide stack frames")'>Click to show all stack frames</a>
<div class='stack-trace' id='stack-trace124323713'><pre>org.openqa.selenium.NoSuchElementException: no such element: Unable to locate element: {&quot;method&quot;:&quot;xpath&quot;,&quot;selector&quot;:&quot;.//*[@id=&apos;nav-last-chance&apos;]/a/span&quot;}
  (Session info: chrome=49.0.2623.75)
  (Driver info: chromedriver=2.20.353124 (035346203162d32c80f1dce587c8154a1efa0c3b),platform=Linux 3.19.0-51-generic x86_64) (WARNING: The server did not provide any stacktrace information)
Command duration or timeout: 26 milliseconds
For documentation on this error, please visit: http://seleniumhq.org/exceptions/no_such_element.html
Build info: version: &apos;2.53.0&apos;, revision: &apos;35ae25b1534ae328c771e0856c93e187490ca824&apos;, time: &apos;2016-03-15 10:43:46&apos;
System info: host: &apos;aparna-pc&apos;, ip: &apos;127.0.1.1&apos;, os.name: &apos;Linux&apos;, os.arch: &apos;amd64&apos;, os.version: &apos;3.19.0-51-generic&apos;, java.version: &apos;1.8.0_74&apos;
Driver info: org.openqa.selenium.chrome.ChromeDriver
Capabilities [{applicationCacheEnabled=false, rotatable=false, mobileEmulationEnabled=false, chrome={userDataDir=/tmp/.com.google.Chrome.xhloko}, takesHeapSnapshot=true, databaseEnabled=false, handlesAlerts=true, hasTouchScreen=false, version=49.0.2623.75, platform=LINUX, browserConnectionEnabled=false, nativeEvents=true, acceptSslCerts=true, locationContextEnabled=true, webStorageEnabled=true, browserName=chrome, takesScreenshot=true, javascriptEnabled=true, cssSelectorsEnabled=true}]
Session ID: ba2b4622be5ca478b69a6108ed8edaa6
*** Element info: {Using=xpath, value=.//*[@id=&apos;nav-last-chance&apos;]/a/span}
	at sun.reflect.NativeConstructorAccessorImpl.newInstance0(Native Method)
	at sun.reflect.NativeConstructorAccessorImpl.newInstance(NativeConstructorAccessorImpl.java:62)
	at sun.reflect.DelegatingConstructorAccessorImpl.newInstance(DelegatingConstructorAccessorImpl.java:45)
	at java.lang.reflect.Constructor.newInstance(Constructor.java:423)
	at org.openqa.selenium.remote.ErrorHandler.createThrowable(ErrorHandler.java:206)
	at org.openqa.selenium.remote.ErrorHandler.throwIfResponseFailed(ErrorHandler.java:158)
	at org.openqa.selenium.remote.RemoteWebDriver.execute(RemoteWebDriver.java:678)
	at org.openqa.selenium.remote.RemoteWebDriver.findElement(RemoteWebDriver.java:363)
	at org.openqa.selenium.remote.RemoteWebDriver.findElementByXPath(RemoteWebDriver.java:500)
	at org.openqa.selenium.By$ByXPath.findElement(By.java:361)
	at org.openqa.selenium.remote.RemoteWebDriver.findElement(RemoteWebDriver.java:355)
	at AppPackage.HomePage.Last_ChanceTab(HomePage.java:92)
	at AppPackage.Main_file.verifyLast_ChanceTab(Main_file.java:110)
	at sun.reflect.NativeMethodAccessorImpl.invoke0(Native Method)
	at sun.reflect.NativeMethodAccessorImpl.invoke(NativeMethodAccessorImpl.java:62)
	at sun.reflect.DelegatingMethodAccessorImpl.invoke(DelegatingMethodAccessorImpl.java:43)
	at java.lang.reflect.Method.invoke(Method.java:498)
	at org.testng.internal.MethodInvocationHelper.invokeMethod(MethodInvocationHelper.java:86)
	at org.testng.internal.Invoker.invokeMethod(Invoker.java:645)
	at org.testng.internal.Invoker.invokeTestMethod(Invoker.java:822)
	at org.testng.internal.Invoker.invokeTestMethods(Invoker.java:1130)
	at org.testng.internal.TestMethodWorker.invokeTestMethods(TestMethodWorker.java:129)
	at org.testng.internal.TestMethodWorker.run(TestMethodWorker.java:112)
	at org.testng.TestRunner.privateRun(TestRunner.java:782)
	at org.testng.TestRunner.run(TestRunner.java:632)
	at org.testng.SuiteRunner.runTest(SuiteRunner.java:366)
	at org.testng.SuiteRunner.runSequentially(SuiteRunner.java:361)
	at org.testng.SuiteRunner.privateRun(SuiteRunner.java:319)
	at org.testng.SuiteRunner.run(SuiteRunner.java:268)
	at org.testng.SuiteRunnerWorker.runSuite(SuiteRunnerWorker.java:52)
	at org.testng.SuiteRunnerWorker.run(SuiteRunnerWorker.java:86)
	at org.testng.TestNG.runSuitesSequentially(TestNG.java:1244)
	at org.testng.TestNG.runSuitesLocally(TestNG.java:1169)
	at org.testng.TestNG.run(TestNG.java:1064)
	at org.testng.remote.RemoteTestNG.run(RemoteTestNG.java:113)
	at org.testng.remote.RemoteTestNG.initAndRun(RemoteTestNG.java:206)
	at org.testng.remote.RemoteTestNG.main(RemoteTestNG.java:177)
</pre></div></td>
<td>0</td>
<td>AppPackage.Main_file@256216b3</td></tr>
</table><p>
<table width='100%' border='1' class='invocation-passed'>
<tr><td colspan='4' align='center'><b>PASSED TESTS</b></td></tr>
<tr><td><b>Test method</b></td>
<td width="30%"><b>Exception</b></td>
<td width="10%"><b>Time (seconds)</b></td>
<td><b>Instance</b></td>
</tr>
<tr>
<td title='AppPackage.Main_file.launchApp()'><b>launchApp</b><br>Test class: AppPackage.Main_file</td>
<td></td>
<td>16</td>
<td>AppPackage.Main_file@256216b3</td></tr>
<tr>
<td title='AppPackage.Main_file.verifyAccessoriesTab()'><b>verifyAccessoriesTab</b><br>Test class: AppPackage.Main_file</td>
<td></td>
<td>0</td>
<td>AppPackage.Main_file@256216b3</td></tr>
<tr>
<td title='AppPackage.Main_file.verifyBasketBtn()'><b>verifyBasketBtn</b><br>Test class: AppPackage.Main_file</td>
<td></td>
<td>0</td>
<td>AppPackage.Main_file@256216b3</td></tr>
<tr>
<td title='AppPackage.Main_file.verifyBedroomTab()'><b>verifyBedroomTab</b><br>Test class: AppPackage.Main_file</td>
<td></td>
<td>0</td>
<td>AppPackage.Main_file@256216b3</td></tr>
<tr>
<td title='AppPackage.Main_file.verifyChairsTab()'><b>verifyChairsTab</b><br>Test class: AppPackage.Main_file</td>
<td></td>
<td>0</td>
<td>AppPackage.Main_file@256216b3</td></tr>
<tr>
<td title='AppPackage.Main_file.verifyEmailId()'><b>verifyEmailId</b><br>Test class: AppPackage.Main_file</td>
<td></td>
<td>17</td>
<td>AppPackage.Main_file@256216b3</td></tr>
<tr>
<td title='AppPackage.Main_file.verifyJoinBtn()'><b>verifyJoinBtn</b><br>Test class: AppPackage.Main_file</td>
<td></td>
<td>0</td>
<td>AppPackage.Main_file@256216b3</td></tr>
<tr>
<td title='AppPackage.Main_file.verifyKidsTab()'><b>verifyKidsTab</b><br>Test class: AppPackage.Main_file</td>
<td></td>
<td>0</td>
<td>AppPackage.Main_file@256216b3</td></tr>
<tr>
<td title='AppPackage.Main_file.verifyLightingTab()'><b>verifyLightingTab</b><br>Test class: AppPackage.Main_file</td>
<td></td>
<td>0</td>
<td>AppPackage.Main_file@256216b3</td></tr>
<tr>
<td title='AppPackage.Main_file.verifyLoginBtn()'><b>verifyLoginBtn</b><br>Test class: AppPackage.Main_file</td>
<td></td>
<td>0</td>
<td>AppPackage.Main_file@256216b3</td></tr>
<tr>
<td title='AppPackage.Main_file.verifyLoginFunctionality()'><b>verifyLoginFunctionality</b><br>Test class: AppPackage.Main_file</td>
<td></td>
<td>8</td>
<td>AppPackage.Main_file@256216b3</td></tr>
<tr>
<td title='AppPackage.Main_file.verifyMadeLogo()'><b>verifyMadeLogo</b><br>Test class: AppPackage.Main_file</td>
<td></td>
<td>0</td>
<td>AppPackage.Main_file@256216b3</td></tr>
<tr>
<td title='AppPackage.Main_file.verifyNewTab()'><b>verifyNewTab</b><br>Test class: AppPackage.Main_file</td>
<td></td>
<td>0</td>
<td>AppPackage.Main_file@256216b3</td></tr>
<tr>
<td title='AppPackage.Main_file.verifyOutdoorTab()'><b>verifyOutdoorTab</b><br>Test class: AppPackage.Main_file</td>
<td></td>
<td>0</td>
<td>AppPackage.Main_file@256216b3</td></tr>
<tr>
<td title='AppPackage.Main_file.verifySofasTab()'><b>verifySofasTab</b><br>Test class: AppPackage.Main_file</td>
<td></td>
<td>0</td>
<td>AppPackage.Main_file@256216b3</td></tr>
<tr>
<td title='AppPackage.Main_file.verifyStorageTab()'><b>verifyStorageTab</b><br>Test class: AppPackage.Main_file</td>
<td></td>
<td>0</td>
<td>AppPackage.Main_file@256216b3</td></tr>
<tr>
<td title='AppPackage.Main_file.verifyTablesTab()'><b>verifyTablesTab</b><br>Test class: AppPackage.Main_file</td>
<td></td>
<td>0</td>
<td>AppPackage.Main_file@256216b3</td></tr>
</table><p>
</body>
</html>